INFO: [HLS 200-10] Running 'D:/Xilinx/Vitis_HLS/2021.1/bin/unwrapped/win64.o/vitis_hls.exe'
INFO: [HLS 200-10] For user 'tiago' on host 'desktop-g74gfk5' (Windows NT_amd64 version 6.2) on Fri Jun 03 17:58:38 +0100 2022
INFO: [HLS 200-10] In directory 'C:/Users/tiago/AppData/Roaming/Xilinx/Vitis'
Sourcing Tcl script 'C:/Users/tiago/AppData/Roaming/Xilinx/Vitis/Testing/solution1/csim.tcl'
INFO: [HLS 200-1510] Running: open_project Testing 
INFO: [HLS 200-10] Opening project 'C:/Users/tiago/AppData/Roaming/Xilinx/Vitis/Testing'.
INFO: [HLS 200-1510] Running: add_files master.cpp 
INFO: [HLS 200-10] Adding design file 'master.cpp' to the project
INFO: [HLS 200-1510] Running: add_files master.h 
INFO: [HLS 200-10] Adding design file 'master.h' to the project
INFO: [HLS 200-1510] Running: add_files model_functions.h 
INFO: [HLS 200-10] Adding design file 'model_functions.h' to the project
INFO: [HLS 200-1510] Running: add_files parameters.h 
INFO: [HLS 200-10] Adding design file 'parameters.h' to the project
INFO: [HLS 200-1510] Running: add_files -tb file.cpp 
INFO: [HLS 200-10] Adding test bench file 'file.cpp' to the project
INFO: [HLS 200-1510] Running: add_files -tb file.h 
INFO: [HLS 200-10] Adding test bench file 'file.h' to the project
INFO: [HLS 200-1510] Running: add_files -tb main.cpp -cflags -Wno-unknown-pragmas -csimflags -Wno-unknown-pragmas 
INFO: [HLS 200-10] Adding test bench file 'main.cpp' to the project
INFO: [HLS 200-1510] Running: open_solution solution1 -flow_target vivado 
INFO: [HLS 200-10] Opening solution 'C:/Users/tiago/AppData/Roaming/Xilinx/Vitis/Testing/solution1'.
INFO: [SYN 201-201] Setting up clock 'default' with a period of 10ns.
INFO: [HLS 200-1611] Setting target device to 'xczu7ev-ffvf1517-3-e'
INFO: [HLS 200-1505] Using flow_target 'vivado'
Resolution: For help on HLS 200-1505 see www.xilinx.com/cgi-bin/docs/rdoc?v=2021.1;t=hls+guidance;d=200-1505.html
INFO: [HLS 200-1510] Running: set_part xczu7ev-ffvf1517-3-e 
INFO: [HLS 200-1510] Running: create_clock -period 10 -name default 
INFO: [HLS 200-1510] Running: csim_design -quiet 
INFO: [SIM 211-2] *************** CSIM start ***************
INFO: [SIM 211-4] CSIM will launch GCC as the compiler.
   Compiling ../../../../file.cpp in debug mode
   Compiling ../../../../master.cpp in debug mode
   Generating csim.exe
In file included from D:/Xilinx/Vitis_HLS/2021.1/include/floating_point_v7_0_bitacc_cmodel.h:144:0,
                 from D:/Xilinx/Vitis_HLS/2021.1/include/hls_fpo.h:189,
                 from D:/Xilinx/Vitis_HLS/2021.1/include/hls_half_fpo.h:64,
                 from D:/Xilinx/Vitis_HLS/2021.1/include/hls_half.h:71,
                 from D:/Xilinx/Vitis_HLS/2021.1/include/etc/ap_private.h:91,
                 from D:/Xilinx/Vitis_HLS/2021.1/include/ap_common.h:653,
                 from D:/Xilinx/Vitis_HLS/2021.1/include/ap_fixed.h:55,
                 from ../../../../file.cpp:3:
D:/Xilinx/Vitis_HLS/2021.1/include/gmp.h:63:0: warning: "__GMP_LIBGMP_DLL" redefined
 #define __GMP_LIBGMP_DLL  0
 
In file included from D:/Xilinx/Vitis_HLS/2021.1/include/hls_fpo.h:189:0,
                 from D:/Xilinx/Vitis_HLS/2021.1/include/hls_half_fpo.h:64,
                 from D:/Xilinx/Vitis_HLS/2021.1/include/hls_half.h:71,
                 from D:/Xilinx/Vitis_HLS/2021.1/include/etc/ap_private.h:91,
                 from D:/Xilinx/Vitis_HLS/2021.1/include/ap_common.h:653,
                 from D:/Xilinx/Vitis_HLS/2021.1/include/ap_fixed.h:55,
                 from ../../../../file.cpp:3:
D:/Xilinx/Vitis_HLS/2021.1/include/floating_point_v7_0_bitacc_cmodel.h:136:0: note: this is the location of the previous definition
 #define __GMP_LIBGMP_DLL 1
 
In file included from D:/Xilinx/Vitis_HLS/2021.1/include/floating_point_v7_0_bitacc_cmodel.h:144:0,
                 from D:/Xilinx/Vitis_HLS/2021.1/include/hls_fpo.h:189,
                 from D:/Xilinx/Vitis_HLS/2021.1/include/hls_half_fpo.h:64,
                 from D:/Xilinx/Vitis_HLS/2021.1/include/hls_half.h:71,
                 from D:/Xilinx/Vitis_HLS/2021.1/include/etc/ap_private.h:91,
                 from D:/Xilinx/Vitis_HLS/2021.1/include/ap_common.h:653,
                 from D:/Xilinx/Vitis_HLS/2021.1/include/ap_fixed.h:55,
                 from ../../../../master.cpp:2:
D:/Xilinx/Vitis_HLS/2021.1/include/gmp.h:63:0: warning: "__GMP_LIBGMP_DLL" redefined
 #define __GMP_LIBGMP_DLL  0
 
In file included from D:/Xilinx/Vitis_HLS/2021.1/include/hls_fpo.h:189:0,
                 from D:/Xilinx/Vitis_HLS/2021.1/include/hls_half_fpo.h:64,
                 from D:/Xilinx/Vitis_HLS/2021.1/include/hls_half.h:71,
                 from D:/Xilinx/Vitis_HLS/2021.1/include/etc/ap_private.h:91,
                 from D:/Xilinx/Vitis_HLS/2021.1/include/ap_common.h:653,
                 from D:/Xilinx/Vitis_HLS/2021.1/include/ap_fixed.h:55,
                 from ../../../../master.cpp:2:
D:/Xilinx/Vitis_HLS/2021.1/include/floating_point_v7_0_bitacc_cmodel.h:136:0: note: this is the location of the previous definition
 #define __GMP_LIBGMP_DLL 1
 
Float:

-0.12031957507133484000	-0.00576374260708689690	0.19427894055843353000	
-0.01019712351262569400	-0.07892122864723205600	0.08489625900983810400	
-0.02835641242563724500	0.02023005113005638100	0.04165958613157272300	
0.07160826027393341100	-0.08538796752691268900	-0.10647381097078323000	

0.03089459612965583800	-0.16075335443019867000	-0.51069808006286621000	
0.11889418959617615000	-0.15359793603420258000	-0.05979808792471885700	
-0.21486389636993408000	0.19671747088432312000	0.04332316294312477100	
-0.17712676525115967000	-0.21227455139160156000	-0.35944581031799316000	

0.15708145499229431000	-0.05713696032762527500	0.13255438208580017000	
0.08315648883581161500	0.00544205028563737870	0.09490339457988739000	
0.13865159451961517000	-0.14354790747165680000	-0.03217294812202453600	
0.07025080174207687400	-0.09379106760025024400	-0.20106001198291779000	

0.10838392376899719000	0.21982979774475098000	-0.18122248351573944000	
0.16459172964096069000	-0.08072198927402496300	-0.22415584325790405000	
0.08033075928688049300	-0.12651053071022034000	-0.08566480129957199100	
0.19041723012924194000	-0.08326514065265655500	-0.29912117123603821000	

-0.25537130236625671000	-0.14871777594089508000	0.25950855016708374000	
-0.10679174959659576000	-0.04608575254678726200	0.19606395065784454000	
0.12941092252731323000	-0.02814422734081745100	-0.16740301251411438000	
-0.01547390408813953400	0.05573485419154167200	-0.40085238218307495000	

-0.04507791250944137600	-0.26570016145706177000	-0.06651380658149719200	
-0.08891786634922027600	-0.05795465037226676900	0.03592843562364578200	
0.02276326902210712400	-0.08749347925186157200	-0.15601357817649841000	
0.02646647766232490500	-0.18959631025791168000	-0.05051233246922493000	

0.07873740047216415400	0.05015580728650093100	-0.09531140327453613300	
0.08656616508960723900	-0.12853801250457764000	0.03597144782543182400	
0.13247184455394745000	-0.07723065465688705400	-0.17260448634624481000	
-0.01173541881144046800	-0.28742796182632446000	0.12283297628164291000	

-0.07055985927581787100	-0.07729026675224304200	-0.35855147242546082000	
0.03822706639766693100	-0.04299855232238769500	-0.00950979441404342650	
0.11225412040948868000	0.03478994593024253800	0.15851399302482605000	
-0.00001881412026705220	0.12550881505012512000	0.29679697751998901000	

Fixed:

-0.120319366455078125	-0.0057621002197265625	0.194278717041015625	
-0.010196685791015625	-0.0789203643798828125	0.084896087646484375	
-0.028354644775390625	0.020229339599609375	0.0416584014892578125	
0.0716075897216796875	-0.0853862762451171875	-0.106472015380859375	

0.0308933258056640625	-0.1607532501220703125	-0.5106964111328125	
0.118892669677734375	-0.1535968780517578125	-0.0597972869873046875	
-0.214862823486328125	0.19671630859375	0.0433216094970703125	
-0.1771259307861328125	-0.2122745513916015625	-0.3594455718994140625	

0.1570796966552734375	-0.05713653564453125	0.1325531005859375	
0.0831546783447265625	0.0054416656494140625	0.09490203857421875	
0.1386508941650390625	-0.14354705810546875	-0.0321712493896484375	
0.0702495574951171875	-0.0937900543212890625	-0.2010593414306640625	

0.1083831787109375	0.219829559326171875	-0.18122100830078125	
0.1645908355712890625	-0.0807209014892578125	-0.224155426025390625	
0.08032989501953125	-0.1265087127685546875	-0.0856647491455078125	
0.1904163360595703125	-0.083263397216796875	-0.2991199493408203125	

-0.25537109375	-0.148715972900390625	0.2595081329345703125	
-0.1067905426025390625	-0.046085357666015625	0.1960620880126953125	
0.1294097900390625	-0.0281429290771484375	-0.1674022674560546875	
-0.015472412109375	0.0557346343994140625	-0.400852203369140625	

-0.0450763702392578125	-0.2656993865966796875	-0.0665130615234375	
-0.088916778564453125	-0.057952880859375	0.03592681884765625	
0.022762298583984375	-0.0874919891357421875	-0.15601348876953125	
0.02646636962890625	-0.1895961761474609375	-0.0505123138427734375	

0.0787372589111328125	0.0501556396484375	-0.095310211181640625	
0.0865650177001953125	-0.128536224365234375	0.0359706878662109375	
0.1324710845947265625	-0.0772304534912109375	-0.172603607177734375	
-0.0117340087890625	-0.2874279022216796875	0.1228313446044921875	

-0.0705585479736328125	-0.077289581298828125	-0.358551025390625	
0.0382251739501953125	-0.0429973602294921875	-0.0095081329345703125	
0.1122531890869140625	0.0347881317138671875	0.158512115478515625	
-0.0000171661376953125	0.125507354736328125	0.2967967987060546875	

INFO: [SIM 211-1] CSim done with 0 errors.
INFO: [SIM 211-3] *************** CSIM finish ***************
INFO: [HLS 200-111] Finished Command csim_design CPU user time: 1 seconds. CPU system time: 0 seconds. Elapsed time: 3.53 seconds; current allocated memory: 127.234 MB.
